<?xml version="1.0" encoding="UTF-8"?>
<testsuite xmlns:xsi="http://www.w3.org/2001/XMLSchema-instance" xsi:noNamespaceSchemaLocation="https://maven.apache.org/surefire/maven-surefire-plugin/xsd/surefire-test-report-3.0.xsd" version="3.0" name="com.example.saucedemo.runners.CucumberTestSuite" time="5.381" tests="1" errors="0" skipped="0" failures="0">
  <properties>
    <property name="java.specification.version" value="21"/>
    <property name="sun.cpu.isalist" value="amd64"/>
    <property name="sun.jnu.encoding" value="Cp1252"/>
    <property name="java.class.path" value="C:\Users\Josué\Desktop\ejercicio 2\target\test-classes;C:\Users\Josué\Desktop\ejercicio 2\target\classes;C:\maven-repo\net\serenity-bdd\serenity-core\3.7.0\serenity-core-3.7.0.jar;C:\maven-repo\net\serenity-bdd\serenity-model\3.7.0\serenity-model-3.7.0.jar;C:\maven-repo\org\apache\commons\commons-text\1.10.0\commons-text-1.10.0.jar;C:\maven-repo\commons-net\commons-net\3.9.0\commons-net-3.9.0.jar;C:\maven-repo\com\google\guava\guava\31.1-jre\guava-31.1-jre.jar;C:\maven-repo\com\google\guava\failureaccess\1.0.1\failureaccess-1.0.1.jar;C:\maven-repo\com\google\guava\listenablefuture\9999.0-empty-to-avoid-conflict-with-guava\listenablefuture-9999.0-empty-to-avoid-conflict-with-guava.jar;C:\maven-repo\com\google\code\findbugs\jsr305\3.0.2\jsr305-3.0.2.jar;C:\maven-repo\org\checkerframework\checker-qual\3.12.0\checker-qual-3.12.0.jar;C:\maven-repo\com\google\errorprone\error_prone_annotations\2.11.0\error_prone_annotations-2.11.0.jar;C:\maven-repo\com\google\j2objc\j2objc-annotations\1.3\j2objc-annotations-1.3.jar;C:\maven-repo\org\slf4j\slf4j-api\2.0.7\slf4j-api-2.0.7.jar;C:\maven-repo\com\google\inject\guice\5.1.0\guice-5.1.0.jar;C:\maven-repo\javax\inject\javax.inject\1\javax.inject-1.jar;C:\maven-repo\aopalliance\aopalliance\1.0\aopalliance-1.0.jar;C:\maven-repo\org\jsoup\jsoup\1.14.3\jsoup-1.14.3.jar;C:\maven-repo\com\thoughtworks\xstream\xstream\1.4.20\xstream-1.4.20.jar;C:\maven-repo\io\github\x-stream\mxparser\1.2.2\mxparser-1.2.2.jar;C:\maven-repo\xmlpull\xmlpull\1.1.3.1\xmlpull-1.1.3.1.jar;C:\maven-repo\com\typesafe\config\1.4.2\config-1.4.2.jar;C:\maven-repo\org\imgscalr\imgscalr-lib\4.2\imgscalr-lib-4.2.jar;C:\maven-repo\org\awaitility\awaitility\4.2.0\awaitility-4.2.0.jar;C:\maven-repo\org\freemarker\freemarker\2.3.31\freemarker-2.3.31.jar;C:\maven-repo\io\github\classgraph\classgraph\4.8.138\classgraph-4.8.138.jar;C:\maven-repo\net\sourceforge\jexcelapi\jxl\2.6.12\jxl-2.6.12.jar;C:\maven-repo\net\bytebuddy\byte-buddy\1.14.2\byte-buddy-1.14.2.jar;C:\maven-repo\net\bytebuddy\byte-buddy-agent\1.14.2\byte-buddy-agent-1.14.2.jar;C:\maven-repo\org\objenesis\objenesis\3.3\objenesis-3.3.jar;C:\maven-repo\net\serenity-bdd\serenity-reports\3.7.0\serenity-reports-3.7.0.jar;C:\maven-repo\com\vladsch\flexmark\flexmark-all\0.62.2\flexmark-all-0.62.2.jar;C:\maven-repo\com\vladsch\flexmark\flexmark\0.62.2\flexmark-0.62.2.jar;C:\maven-repo\com\vladsch\flexmark\flexmark-ext-abbreviation\0.62.2\flexmark-ext-abbreviation-0.62.2.jar;C:\maven-repo\com\vladsch\flexmark\flexmark-util\0.62.2\flexmark-util-0.62.2.jar;C:\maven-repo\com\vladsch\flexmark\flexmark-ext-admonition\0.62.2\flexmark-ext-admonition-0.62.2.jar;C:\maven-repo\com\vladsch\flexmark\flexmark-ext-anchorlink\0.62.2\flexmark-ext-anchorlink-0.62.2.jar;C:\maven-repo\com\vladsch\flexmark\flexmark-ext-aside\0.62.2\flexmark-ext-aside-0.62.2.jar;C:\maven-repo\com\vladsch\flexmark\flexmark-ext-attributes\0.62.2\flexmark-ext-attributes-0.62.2.jar;C:\maven-repo\com\vladsch\flexmark\flexmark-ext-autolink\0.62.2\flexmark-ext-autolink-0.62.2.jar;C:\maven-repo\org\nibor\autolink\autolink\0.6.0\autolink-0.6.0.jar;C:\maven-repo\com\vladsch\flexmark\flexmark-ext-definition\0.62.2\flexmark-ext-definition-0.62.2.jar;C:\maven-repo\com\vladsch\flexmark\flexmark-ext-emoji\0.62.2\flexmark-ext-emoji-0.62.2.jar;C:\maven-repo\com\vladsch\flexmark\flexmark-ext-enumerated-reference\0.62.2\flexmark-ext-enumerated-reference-0.62.2.jar;C:\maven-repo\com\vladsch\flexmark\flexmark-ext-escaped-character\0.62.2\flexmark-ext-escaped-character-0.62.2.jar;C:\maven-repo\com\vladsch\flexmark\flexmark-ext-footnotes\0.62.2\flexmark-ext-footnotes-0.62.2.jar;C:\maven-repo\com\vladsch\flexmark\flexmark-ext-gfm-issues\0.62.2\flexmark-ext-gfm-issues-0.62.2.jar;C:\maven-repo\com\vladsch\flexmark\flexmark-ext-gfm-strikethrough\0.62.2\flexmark-ext-gfm-strikethrough-0.62.2.jar;C:\maven-repo\com\vladsch\flexmark\flexmark-ext-gfm-tasklist\0.62.2\flexmark-ext-gfm-tasklist-0.62.2.jar;C:\maven-repo\com\vladsch\flexmark\flexmark-ext-gfm-users\0.62.2\flexmark-ext-gfm-users-0.62.2.jar;C:\maven-repo\com\vladsch\flexmark\flexmark-ext-gitlab\0.62.2\flexmark-ext-gitlab-0.62.2.jar;C:\maven-repo\com\vladsch\flexmark\flexmark-ext-jekyll-front-matter\0.62.2\flexmark-ext-jekyll-front-matter-0.62.2.jar;C:\maven-repo\com\vladsch\flexmark\flexmark-ext-jekyll-tag\0.62.2\flexmark-ext-jekyll-tag-0.62.2.jar;C:\maven-repo\com\vladsch\flexmark\flexmark-ext-media-tags\0.62.2\flexmark-ext-media-tags-0.62.2.jar;C:\maven-repo\com\vladsch\flexmark\flexmark-ext-macros\0.62.2\flexmark-ext-macros-0.62.2.jar;C:\maven-repo\com\vladsch\flexmark\flexmark-ext-ins\0.62.2\flexmark-ext-ins-0.62.2.jar;C:\maven-repo\com\vladsch\flexmark\flexmark-ext-xwiki-macros\0.62.2\flexmark-ext-xwiki-macros-0.62.2.jar;C:\maven-repo\com\vladsch\flexmark\flexmark-ext-superscript\0.62.2\flexmark-ext-superscript-0.62.2.jar;C:\maven-repo\com\vladsch\flexmark\flexmark-ext-tables\0.62.2\flexmark-ext-tables-0.62.2.jar;C:\maven-repo\com\vladsch\flexmark\flexmark-ext-toc\0.62.2\flexmark-ext-toc-0.62.2.jar;C:\maven-repo\com\vladsch\flexmark\flexmark-ext-typographic\0.62.2\flexmark-ext-typographic-0.62.2.jar;C:\maven-repo\com\vladsch\flexmark\flexmark-ext-wikilink\0.62.2\flexmark-ext-wikilink-0.62.2.jar;C:\maven-repo\com\vladsch\flexmark\flexmark-ext-yaml-front-matter\0.62.2\flexmark-ext-yaml-front-matter-0.62.2.jar;C:\maven-repo\com\vladsch\flexmark\flexmark-ext-youtube-embedded\0.62.2\flexmark-ext-youtube-embedded-0.62.2.jar;C:\maven-repo\com\vladsch\flexmark\flexmark-html2md-converter\0.62.2\flexmark-html2md-converter-0.62.2.jar;C:\maven-repo\com\vladsch\flexmark\flexmark-jira-converter\0.62.2\flexmark-jira-converter-0.62.2.jar;C:\maven-repo\com\vladsch\flexmark\flexmark-pdf-converter\0.62.2\flexmark-pdf-converter-0.62.2.jar;C:\maven-repo\com\openhtmltopdf\openhtmltopdf-core\1.0.0\openhtmltopdf-core-1.0.0.jar;C:\maven-repo\com\openhtmltopdf\openhtmltopdf-pdfbox\1.0.0\openhtmltopdf-pdfbox-1.0.0.jar;C:\maven-repo\org\apache\pdfbox\pdfbox\2.0.16\pdfbox-2.0.16.jar;C:\maven-repo\org\apache\pdfbox\fontbox\2.0.16\fontbox-2.0.16.jar;C:\maven-repo\org\apache\pdfbox\xmpbox\2.0.16\xmpbox-2.0.16.jar;C:\maven-repo\de\rototor\pdfbox\graphics2d\0.24\graphics2d-0.24.jar;C:\maven-repo\com\openhtmltopdf\openhtmltopdf-rtl-support\1.0.0\openhtmltopdf-rtl-support-1.0.0.jar;C:\maven-repo\com\openhtmltopdf\openhtmltopdf-jsoup-dom-converter\1.0.0\openhtmltopdf-jsoup-dom-converter-1.0.0.jar;C:\maven-repo\com\vladsch\flexmark\flexmark-profile-pegdown\0.62.2\flexmark-profile-pegdown-0.62.2.jar;C:\maven-repo\com\vladsch\flexmark\flexmark-util-ast\0.62.2\flexmark-util-ast-0.62.2.jar;C:\maven-repo\com\vladsch\flexmark\flexmark-util-builder\0.62.2\flexmark-util-builder-0.62.2.jar;C:\maven-repo\com\vladsch\flexmark\flexmark-util-collection\0.62.2\flexmark-util-collection-0.62.2.jar;C:\maven-repo\com\vladsch\flexmark\flexmark-util-data\0.62.2\flexmark-util-data-0.62.2.jar;C:\maven-repo\com\vladsch\flexmark\flexmark-util-dependency\0.62.2\flexmark-util-dependency-0.62.2.jar;C:\maven-repo\com\vladsch\flexmark\flexmark-util-format\0.62.2\flexmark-util-format-0.62.2.jar;C:\maven-repo\com\vladsch\flexmark\flexmark-util-html\0.62.2\flexmark-util-html-0.62.2.jar;C:\maven-repo\com\vladsch\flexmark\flexmark-util-misc\0.62.2\flexmark-util-misc-0.62.2.jar;C:\maven-repo\com\vladsch\flexmark\flexmark-util-options\0.62.2\flexmark-util-options-0.62.2.jar;C:\maven-repo\com\vladsch\flexmark\flexmark-util-sequence\0.62.2\flexmark-util-sequence-0.62.2.jar;C:\maven-repo\com\vladsch\flexmark\flexmark-util-visitor\0.62.2\flexmark-util-visitor-0.62.2.jar;C:\maven-repo\com\vladsch\flexmark\flexmark-youtrack-converter\0.62.2\flexmark-youtrack-converter-0.62.2.jar;C:\maven-repo\com\ibm\icu\icu4j\72.1\icu4j-72.1.jar;C:\maven-repo\es\nitaur\markdown\txtmark\0.16\txtmark-0.16.jar;C:\maven-repo\net\serenity-bdd\serenity-report-resources\3.7.0\serenity-report-resources-3.7.0.jar;C:\maven-repo\com\google\code\gson\gson\2.10.1\gson-2.10.1.jar;C:\maven-repo\com\fasterxml\jackson\core\jackson-core\2.15.0-rc1\jackson-core-2.15.0-rc1.jar;C:\maven-repo\com\fasterxml\jackson\core\jackson-databind\2.15.0-rc1\jackson-databind-2.15.0-rc1.jar;C:\maven-repo\com\fasterxml\jackson\core\jackson-annotations\2.15.0-rc1\jackson-annotations-2.15.0-rc1.jar;C:\maven-repo\commons-codec\commons-codec\1.15\commons-codec-1.15.jar;C:\maven-repo\commons-io\commons-io\2.11.0\commons-io-2.11.0.jar;C:\maven-repo\org\apache\httpcomponents\httpclient\4.5.13\httpclient-4.5.13.jar;C:\maven-repo\org\apache\httpcomponents\httpcore\4.4.13\httpcore-4.4.13.jar;C:\maven-repo\commons-logging\commons-logging\1.2\commons-logging-1.2.jar;C:\maven-repo\org\seleniumhq\selenium\selenium-api\4.21.0\selenium-api-4.21.0.jar;C:\maven-repo\org\seleniumhq\selenium\selenium-support\4.21.0\selenium-support-4.21.0.jar;C:\maven-repo\com\google\auto\service\auto-service-annotations\1.1.1\auto-service-annotations-1.1.1.jar;C:\maven-repo\org\seleniumhq\selenium\selenium-json\4.21.0\selenium-json-4.21.0.jar;C:\maven-repo\org\seleniumhq\selenium\selenium-chrome-driver\4.21.0\selenium-chrome-driver-4.21.0.jar;C:\maven-repo\org\seleniumhq\selenium\selenium-chromium-driver\4.21.0\selenium-chromium-driver-4.21.0.jar;C:\maven-repo\org\seleniumhq\selenium\selenium-manager\4.21.0\selenium-manager-4.21.0.jar;C:\maven-repo\org\seleniumhq\selenium\selenium-firefox-driver\4.21.0\selenium-firefox-driver-4.21.0.jar;C:\maven-repo\org\seleniumhq\selenium\selenium-http\4.21.0\selenium-http-4.21.0.jar;C:\maven-repo\dev\failsafe\failsafe\3.3.2\failsafe-3.3.2.jar;C:\maven-repo\org\seleniumhq\selenium\selenium-edge-driver\4.21.0\selenium-edge-driver-4.21.0.jar;C:\maven-repo\org\seleniumhq\selenium\selenium-ie-driver\4.21.0\selenium-ie-driver-4.21.0.jar;C:\maven-repo\org\projectlombok\lombok\1.18.20\lombok-1.18.20.jar;C:\maven-repo\org\htmlunit\htmlunit\3.0.0\htmlunit-3.0.0.jar;C:\maven-repo\org\apache\httpcomponents\httpmime\4.5.14\httpmime-4.5.14.jar;C:\maven-repo\org\htmlunit\htmlunit-core-js\3.0.0\htmlunit-core-js-3.0.0.jar;C:\maven-repo\org\htmlunit\neko-htmlunit\3.0.0\neko-htmlunit-3.0.0.jar;C:\maven-repo\org\htmlunit\htmlunit-cssparser\3.0.0\htmlunit-cssparser-3.0.0.jar;C:\maven-repo\org\htmlunit\htmlunit-xpath\3.0.0\htmlunit-xpath-3.0.0.jar;C:\maven-repo\org\brotli\dec\0.1.2\dec-0.1.2.jar;C:\maven-repo\com\shapesecurity\salvation2\3.0.1\salvation2-3.0.1.jar;C:\maven-repo\org\eclipse\jetty\websocket\websocket-client\9.4.51.v20230217\websocket-client-9.4.51.v20230217.jar;C:\maven-repo\org\eclipse\jetty\jetty-client\9.4.51.v20230217\jetty-client-9.4.51.v20230217.jar;C:\maven-repo\org\eclipse\jetty\jetty-http\9.4.51.v20230217\jetty-http-9.4.51.v20230217.jar;C:\maven-repo\org\eclipse\jetty\jetty-util\9.4.51.v20230217\jetty-util-9.4.51.v20230217.jar;C:\maven-repo\org\eclipse\jetty\jetty-io\9.4.51.v20230217\jetty-io-9.4.51.v20230217.jar;C:\maven-repo\org\eclipse\jetty\websocket\websocket-common\9.4.51.v20230217\websocket-common-9.4.51.v20230217.jar;C:\maven-repo\org\eclipse\jetty\websocket\websocket-api\9.4.51.v20230217\websocket-api-9.4.51.v20230217.jar;C:\maven-repo\org\seleniumhq\selenium\htmlunit3-driver\4.8.1\htmlunit3-driver-4.8.1.jar;C:\maven-repo\io\appium\java-client\8.3.0\java-client-8.3.0.jar;C:\maven-repo\commons-validator\commons-validator\1.7\commons-validator-1.7.jar;C:\maven-repo\commons-digester\commons-digester\2.1\commons-digester-2.1.jar;C:\maven-repo\org\apache\groovy\groovy\4.0.10\groovy-4.0.10.jar;C:\maven-repo\net\sf\opencsv\opencsv\2.0\opencsv-2.0.jar;C:\maven-repo\commons-beanutils\commons-beanutils\1.9.4\commons-beanutils-1.9.4.jar;C:\maven-repo\org\apache\commons\commons-lang3\3.12.0\commons-lang3-3.12.0.jar;C:\maven-repo\commons-collections\commons-collections\3.2.2\commons-collections-3.2.2.jar;C:\maven-repo\org\fluentlenium\fluentlenium-core\0.10.2\fluentlenium-core-0.10.2.jar;C:\maven-repo\io\github\bonigarcia\webdrivermanager\5.3.0\webdrivermanager-5.3.0.jar;C:\maven-repo\com\github\docker-java\docker-java\3.2.13\docker-java-3.2.13.jar;C:\maven-repo\com\github\docker-java\docker-java-core\3.2.13\docker-java-core-3.2.13.jar;C:\maven-repo\com\github\docker-java\docker-java-api\3.2.13\docker-java-api-3.2.13.jar;C:\maven-repo\org\apache\commons\commons-compress\1.21\commons-compress-1.21.jar;C:\maven-repo\org\bouncycastle\bcpkix-jdk15on\1.64\bcpkix-jdk15on-1.64.jar;C:\maven-repo\org\bouncycastle\bcprov-jdk15on\1.64\bcprov-jdk15on-1.64.jar;C:\maven-repo\org\slf4j\jcl-over-slf4j\1.7.30\jcl-over-slf4j-1.7.30.jar;C:\maven-repo\com\github\docker-java\docker-java-transport-httpclient5\3.2.13\docker-java-transport-httpclient5-3.2.13.jar;C:\maven-repo\com\github\docker-java\docker-java-transport\3.2.13\docker-java-transport-3.2.13.jar;C:\maven-repo\net\java\dev\jna\jna\5.8.0\jna-5.8.0.jar;C:\maven-repo\org\apache\httpcomponents\client5\httpclient5\5.1.3\httpclient5-5.1.3.jar;C:\maven-repo\org\apache\httpcomponents\core5\httpcore5\5.1.3\httpcore5-5.1.3.jar;C:\maven-repo\org\apache\httpcomponents\core5\httpcore5-h2\5.1.3\httpcore5-h2-5.1.3.jar;C:\maven-repo\com\jhlabs\filters\2.0.235\filters-2.0.235.jar;C:\maven-repo\com\paulhammant\ngwebdriver\1.1.6\ngwebdriver-1.1.6.jar;C:\maven-repo\joda-time\joda-time\2.12.2\joda-time-2.12.2.jar;C:\maven-repo\org\hamcrest\hamcrest\2.2\hamcrest-2.2.jar;C:\maven-repo\com\google\jimfs\jimfs\1.2\jimfs-1.2.jar;C:\maven-repo\org\mockito\mockito-core\3.3.3\mockito-core-3.3.3.jar;C:\maven-repo\org\assertj\assertj-core\3.24.2\assertj-core-3.24.2.jar;C:\maven-repo\javax\xml\bind\jaxb-api\2.3.1\jaxb-api-2.3.1.jar;C:\maven-repo\javax\activation\javax.activation-api\1.2.0\javax.activation-api-1.2.0.jar;C:\maven-repo\com\sun\xml\bind\jaxb-core\2.3.0.1\jaxb-core-2.3.0.1.jar;C:\maven-repo\com\sun\xml\bind\jaxb-impl\2.3.3\jaxb-impl-2.3.3.jar;C:\maven-repo\jakarta\xml\bind\jakarta.xml.bind-api\2.3.3\jakarta.xml.bind-api-2.3.3.jar;C:\maven-repo\com\sun\activation\jakarta.activation\1.2.2\jakarta.activation-1.2.2.jar;C:\maven-repo\javax\activation\activation\1.1.1\activation-1.1.1.jar;C:\maven-repo\net\serenity-bdd\serenity-junit\3.7.0\serenity-junit-3.7.0.jar;C:\maven-repo\net\serenity-bdd\serenity-screenplay\3.7.0\serenity-screenplay-3.7.0.jar;C:\maven-repo\net\serenity-bdd\serenity-cucumber\3.7.0\serenity-cucumber-3.7.0.jar;C:\maven-repo\net\serenity-bdd\serenity-screenplay-webdriver\3.7.0\serenity-screenplay-webdriver-3.7.0.jar;C:\maven-repo\io\cucumber\cucumber-core\7.11.0\cucumber-core-7.11.0.jar;C:\maven-repo\io\cucumber\cucumber-gherkin\7.11.0\cucumber-gherkin-7.11.0.jar;C:\maven-repo\io\cucumber\cucumber-gherkin-messages\7.11.0\cucumber-gherkin-messages-7.11.0.jar;C:\maven-repo\io\cucumber\gherkin\26.0.3\gherkin-26.0.3.jar;C:\maven-repo\io\cucumber\messages\21.0.1\messages-21.0.1.jar;C:\maven-repo\io\cucumber\tag-expressions\5.0.1\tag-expressions-5.0.1.jar;C:\maven-repo\io\cucumber\cucumber-expressions\16.1.1\cucumber-expressions-16.1.1.jar;C:\maven-repo\io\cucumber\datatable\7.11.0\datatable-7.11.0.jar;C:\maven-repo\io\cucumber\cucumber-plugin\7.11.0\cucumber-plugin-7.11.0.jar;C:\maven-repo\io\cucumber\docstring\7.11.0\docstring-7.11.0.jar;C:\maven-repo\io\cucumber\html-formatter\20.2.1\html-formatter-20.2.1.jar;C:\maven-repo\io\cucumber\junit-xml-formatter\0.1.0\junit-xml-formatter-0.1.0.jar;C:\maven-repo\io\cucumber\ci-environment\9.1.0\ci-environment-9.1.0.jar;C:\maven-repo\io\cucumber\cucumber-java\7.11.0\cucumber-java-7.11.0.jar;C:\maven-repo\io\cucumber\cucumber-junit\7.11.0\cucumber-junit-7.11.0.jar;C:\maven-repo\org\apiguardian\apiguardian-api\1.1.2\apiguardian-api-1.1.2.jar;C:\maven-repo\org\apache\commons\commons-csv\1.5\commons-csv-1.5.jar;C:\maven-repo\net\serenity-bdd\serenity-ensure\3.7.0\serenity-ensure-3.7.0.jar;C:\maven-repo\org\jetbrains\kotlin\kotlin-stdlib\1.8.10\kotlin-stdlib-1.8.10.jar;C:\maven-repo\org\jetbrains\kotlin\kotlin-stdlib-common\1.8.10\kotlin-stdlib-common-1.8.10.jar;C:\maven-repo\org\jetbrains\annotations\13.0\annotations-13.0.jar;C:\maven-repo\org\seleniumhq\selenium\selenium-java\4.21.0\selenium-java-4.21.0.jar;C:\maven-repo\org\seleniumhq\selenium\selenium-devtools-v123\4.21.0\selenium-devtools-v123-4.21.0.jar;C:\maven-repo\org\seleniumhq\selenium\selenium-devtools-v124\4.21.0\selenium-devtools-v124-4.21.0.jar;C:\maven-repo\org\seleniumhq\selenium\selenium-devtools-v125\4.21.0\selenium-devtools-v125-4.21.0.jar;C:\maven-repo\org\seleniumhq\selenium\selenium-devtools-v85\4.21.0\selenium-devtools-v85-4.21.0.jar;C:\maven-repo\org\seleniumhq\selenium\selenium-remote-driver\4.21.0\selenium-remote-driver-4.21.0.jar;C:\maven-repo\io\opentelemetry\semconv\opentelemetry-semconv\1.25.0-alpha\opentelemetry-semconv-1.25.0-alpha.jar;C:\maven-repo\io\opentelemetry\opentelemetry-api\1.38.0\opentelemetry-api-1.38.0.jar;C:\maven-repo\io\opentelemetry\opentelemetry-context\1.38.0\opentelemetry-context-1.38.0.jar;C:\maven-repo\io\opentelemetry\opentelemetry-exporter-logging\1.38.0\opentelemetry-exporter-logging-1.38.0.jar;C:\maven-repo\io\opentelemetry\opentelemetry-sdk-common\1.38.0\opentelemetry-sdk-common-1.38.0.jar;C:\maven-repo\io\opentelemetry\opentelemetry-sdk-extension-autoconfigure-spi\1.38.0\opentelemetry-sdk-extension-autoconfigure-spi-1.38.0.jar;C:\maven-repo\io\opentelemetry\opentelemetry-sdk-extension-autoconfigure\1.38.0\opentelemetry-sdk-extension-autoconfigure-1.38.0.jar;C:\maven-repo\io\opentelemetry\opentelemetry-api-incubator\1.38.0-alpha\opentelemetry-api-incubator-1.38.0-alpha.jar;C:\maven-repo\io\opentelemetry\opentelemetry-sdk-trace\1.38.0\opentelemetry-sdk-trace-1.38.0.jar;C:\maven-repo\io\opentelemetry\opentelemetry-sdk\1.38.0\opentelemetry-sdk-1.38.0.jar;C:\maven-repo\io\opentelemetry\opentelemetry-sdk-metrics\1.38.0\opentelemetry-sdk-metrics-1.38.0.jar;C:\maven-repo\io\opentelemetry\opentelemetry-sdk-logs\1.38.0\opentelemetry-sdk-logs-1.38.0.jar;C:\maven-repo\org\seleniumhq\selenium\selenium-os\4.21.0\selenium-os-4.21.0.jar;C:\maven-repo\org\apache\commons\commons-exec\1.4.0\commons-exec-1.4.0.jar;C:\maven-repo\org\seleniumhq\selenium\selenium-safari-driver\4.21.0\selenium-safari-driver-4.21.0.jar;C:\maven-repo\net\serenity-bdd\serenity-single-page-report\3.7.0\serenity-single-page-report-3.7.0.jar;C:\maven-repo\net\serenity-bdd\serenity-stats\3.7.0\serenity-stats-3.7.0.jar;C:\maven-repo\net\serenity-bdd\serenity-reports-configuration\3.7.0\serenity-reports-configuration-3.7.0.jar;C:\maven-repo\org\thymeleaf\thymeleaf\3.1.1.RELEASE\thymeleaf-3.1.1.RELEASE.jar;C:\maven-repo\ognl\ognl\3.3.4\ognl-3.3.4.jar;C:\maven-repo\org\attoparser\attoparser\2.0.6.RELEASE\attoparser-2.0.6.RELEASE.jar;C:\maven-repo\org\unbescape\unbescape\1.1.6.RELEASE\unbescape-1.1.6.RELEASE.jar;C:\maven-repo\org\javassist\javassist\3.29.2-GA\javassist-3.29.2-GA.jar;C:\maven-repo\org\knowm\xchart\xchart\3.5.2\xchart-3.5.2.jar;C:\maven-repo\de\erichseifert\vectorgraphics2d\VectorGraphics2D\0.13\VectorGraphics2D-0.13.jar;C:\maven-repo\org\thymeleaf\extras\thymeleaf-extras-java8time\3.0.4.RELEASE\thymeleaf-extras-java8time-3.0.4.RELEASE.jar;C:\maven-repo\junit\junit\4.13.2\junit-4.13.2.jar;C:\maven-repo\org\hamcrest\hamcrest-core\1.3\hamcrest-core-1.3.jar;"/>
    <property name="java.vm.vendor" value="Oracle Corporation"/>
    <property name="sun.arch.data.model" value="64"/>
    <property name="user.variant" value=""/>
    <property name="java.vendor.url" value="https://java.oracle.com/"/>
    <property name="user.timezone" value="America/Guayaquil"/>
    <property name="os.name" value="Windows 10"/>
    <property name="java.vm.specification.version" value="21"/>
    <property name="user.country" value="EC"/>
    <property name="sun.java.launcher" value="SUN_STANDARD"/>
    <property name="sun.boot.library.path" value="C:\Program Files\Java\jdk-21\bin"/>
    <property name="sun.java.command" value="C:\Users\Josué\AppData\Local\Temp\surefire18329267440877461457\surefirebooter-20251004132824848_3.jar C:\Users\Josué\AppData\Local\Temp\surefire18329267440877461457 2025-10-04T13-28-24_765-jvmRun1 surefire-20251004132824848_1tmp surefire_0-20251004132824848_2tmp"/>
    <property name="jdk.debug" value="release"/>
    <property name="surefire.test.class.path" value="C:\Users\Josué\Desktop\ejercicio 2\target\test-classes;C:\Users\Josué\Desktop\ejercicio 2\target\classes;C:\maven-repo\net\serenity-bdd\serenity-core\3.7.0\serenity-core-3.7.0.jar;C:\maven-repo\net\serenity-bdd\serenity-model\3.7.0\serenity-model-3.7.0.jar;C:\maven-repo\org\apache\commons\commons-text\1.10.0\commons-text-1.10.0.jar;C:\maven-repo\commons-net\commons-net\3.9.0\commons-net-3.9.0.jar;C:\maven-repo\com\google\guava\guava\31.1-jre\guava-31.1-jre.jar;C:\maven-repo\com\google\guava\failureaccess\1.0.1\failureaccess-1.0.1.jar;C:\maven-repo\com\google\guava\listenablefuture\9999.0-empty-to-avoid-conflict-with-guava\listenablefuture-9999.0-empty-to-avoid-conflict-with-guava.jar;C:\maven-repo\com\google\code\findbugs\jsr305\3.0.2\jsr305-3.0.2.jar;C:\maven-repo\org\checkerframework\checker-qual\3.12.0\checker-qual-3.12.0.jar;C:\maven-repo\com\google\errorprone\error_prone_annotations\2.11.0\error_prone_annotations-2.11.0.jar;C:\maven-repo\com\google\j2objc\j2objc-annotations\1.3\j2objc-annotations-1.3.jar;C:\maven-repo\org\slf4j\slf4j-api\2.0.7\slf4j-api-2.0.7.jar;C:\maven-repo\com\google\inject\guice\5.1.0\guice-5.1.0.jar;C:\maven-repo\javax\inject\javax.inject\1\javax.inject-1.jar;C:\maven-repo\aopalliance\aopalliance\1.0\aopalliance-1.0.jar;C:\maven-repo\org\jsoup\jsoup\1.14.3\jsoup-1.14.3.jar;C:\maven-repo\com\thoughtworks\xstream\xstream\1.4.20\xstream-1.4.20.jar;C:\maven-repo\io\github\x-stream\mxparser\1.2.2\mxparser-1.2.2.jar;C:\maven-repo\xmlpull\xmlpull\1.1.3.1\xmlpull-1.1.3.1.jar;C:\maven-repo\com\typesafe\config\1.4.2\config-1.4.2.jar;C:\maven-repo\org\imgscalr\imgscalr-lib\4.2\imgscalr-lib-4.2.jar;C:\maven-repo\org\awaitility\awaitility\4.2.0\awaitility-4.2.0.jar;C:\maven-repo\org\freemarker\freemarker\2.3.31\freemarker-2.3.31.jar;C:\maven-repo\io\github\classgraph\classgraph\4.8.138\classgraph-4.8.138.jar;C:\maven-repo\net\sourceforge\jexcelapi\jxl\2.6.12\jxl-2.6.12.jar;C:\maven-repo\net\bytebuddy\byte-buddy\1.14.2\byte-buddy-1.14.2.jar;C:\maven-repo\net\bytebuddy\byte-buddy-agent\1.14.2\byte-buddy-agent-1.14.2.jar;C:\maven-repo\org\objenesis\objenesis\3.3\objenesis-3.3.jar;C:\maven-repo\net\serenity-bdd\serenity-reports\3.7.0\serenity-reports-3.7.0.jar;C:\maven-repo\com\vladsch\flexmark\flexmark-all\0.62.2\flexmark-all-0.62.2.jar;C:\maven-repo\com\vladsch\flexmark\flexmark\0.62.2\flexmark-0.62.2.jar;C:\maven-repo\com\vladsch\flexmark\flexmark-ext-abbreviation\0.62.2\flexmark-ext-abbreviation-0.62.2.jar;C:\maven-repo\com\vladsch\flexmark\flexmark-util\0.62.2\flexmark-util-0.62.2.jar;C:\maven-repo\com\vladsch\flexmark\flexmark-ext-admonition\0.62.2\flexmark-ext-admonition-0.62.2.jar;C:\maven-repo\com\vladsch\flexmark\flexmark-ext-anchorlink\0.62.2\flexmark-ext-anchorlink-0.62.2.jar;C:\maven-repo\com\vladsch\flexmark\flexmark-ext-aside\0.62.2\flexmark-ext-aside-0.62.2.jar;C:\maven-repo\com\vladsch\flexmark\flexmark-ext-attributes\0.62.2\flexmark-ext-attributes-0.62.2.jar;C:\maven-repo\com\vladsch\flexmark\flexmark-ext-autolink\0.62.2\flexmark-ext-autolink-0.62.2.jar;C:\maven-repo\org\nibor\autolink\autolink\0.6.0\autolink-0.6.0.jar;C:\maven-repo\com\vladsch\flexmark\flexmark-ext-definition\0.62.2\flexmark-ext-definition-0.62.2.jar;C:\maven-repo\com\vladsch\flexmark\flexmark-ext-emoji\0.62.2\flexmark-ext-emoji-0.62.2.jar;C:\maven-repo\com\vladsch\flexmark\flexmark-ext-enumerated-reference\0.62.2\flexmark-ext-enumerated-reference-0.62.2.jar;C:\maven-repo\com\vladsch\flexmark\flexmark-ext-escaped-character\0.62.2\flexmark-ext-escaped-character-0.62.2.jar;C:\maven-repo\com\vladsch\flexmark\flexmark-ext-footnotes\0.62.2\flexmark-ext-footnotes-0.62.2.jar;C:\maven-repo\com\vladsch\flexmark\flexmark-ext-gfm-issues\0.62.2\flexmark-ext-gfm-issues-0.62.2.jar;C:\maven-repo\com\vladsch\flexmark\flexmark-ext-gfm-strikethrough\0.62.2\flexmark-ext-gfm-strikethrough-0.62.2.jar;C:\maven-repo\com\vladsch\flexmark\flexmark-ext-gfm-tasklist\0.62.2\flexmark-ext-gfm-tasklist-0.62.2.jar;C:\maven-repo\com\vladsch\flexmark\flexmark-ext-gfm-users\0.62.2\flexmark-ext-gfm-users-0.62.2.jar;C:\maven-repo\com\vladsch\flexmark\flexmark-ext-gitlab\0.62.2\flexmark-ext-gitlab-0.62.2.jar;C:\maven-repo\com\vladsch\flexmark\flexmark-ext-jekyll-front-matter\0.62.2\flexmark-ext-jekyll-front-matter-0.62.2.jar;C:\maven-repo\com\vladsch\flexmark\flexmark-ext-jekyll-tag\0.62.2\flexmark-ext-jekyll-tag-0.62.2.jar;C:\maven-repo\com\vladsch\flexmark\flexmark-ext-media-tags\0.62.2\flexmark-ext-media-tags-0.62.2.jar;C:\maven-repo\com\vladsch\flexmark\flexmark-ext-macros\0.62.2\flexmark-ext-macros-0.62.2.jar;C:\maven-repo\com\vladsch\flexmark\flexmark-ext-ins\0.62.2\flexmark-ext-ins-0.62.2.jar;C:\maven-repo\com\vladsch\flexmark\flexmark-ext-xwiki-macros\0.62.2\flexmark-ext-xwiki-macros-0.62.2.jar;C:\maven-repo\com\vladsch\flexmark\flexmark-ext-superscript\0.62.2\flexmark-ext-superscript-0.62.2.jar;C:\maven-repo\com\vladsch\flexmark\flexmark-ext-tables\0.62.2\flexmark-ext-tables-0.62.2.jar;C:\maven-repo\com\vladsch\flexmark\flexmark-ext-toc\0.62.2\flexmark-ext-toc-0.62.2.jar;C:\maven-repo\com\vladsch\flexmark\flexmark-ext-typographic\0.62.2\flexmark-ext-typographic-0.62.2.jar;C:\maven-repo\com\vladsch\flexmark\flexmark-ext-wikilink\0.62.2\flexmark-ext-wikilink-0.62.2.jar;C:\maven-repo\com\vladsch\flexmark\flexmark-ext-yaml-front-matter\0.62.2\flexmark-ext-yaml-front-matter-0.62.2.jar;C:\maven-repo\com\vladsch\flexmark\flexmark-ext-youtube-embedded\0.62.2\flexmark-ext-youtube-embedded-0.62.2.jar;C:\maven-repo\com\vladsch\flexmark\flexmark-html2md-converter\0.62.2\flexmark-html2md-converter-0.62.2.jar;C:\maven-repo\com\vladsch\flexmark\flexmark-jira-converter\0.62.2\flexmark-jira-converter-0.62.2.jar;C:\maven-repo\com\vladsch\flexmark\flexmark-pdf-converter\0.62.2\flexmark-pdf-converter-0.62.2.jar;C:\maven-repo\com\openhtmltopdf\openhtmltopdf-core\1.0.0\openhtmltopdf-core-1.0.0.jar;C:\maven-repo\com\openhtmltopdf\openhtmltopdf-pdfbox\1.0.0\openhtmltopdf-pdfbox-1.0.0.jar;C:\maven-repo\org\apache\pdfbox\pdfbox\2.0.16\pdfbox-2.0.16.jar;C:\maven-repo\org\apache\pdfbox\fontbox\2.0.16\fontbox-2.0.16.jar;C:\maven-repo\org\apache\pdfbox\xmpbox\2.0.16\xmpbox-2.0.16.jar;C:\maven-repo\de\rototor\pdfbox\graphics2d\0.24\graphics2d-0.24.jar;C:\maven-repo\com\openhtmltopdf\openhtmltopdf-rtl-support\1.0.0\openhtmltopdf-rtl-support-1.0.0.jar;C:\maven-repo\com\openhtmltopdf\openhtmltopdf-jsoup-dom-converter\1.0.0\openhtmltopdf-jsoup-dom-converter-1.0.0.jar;C:\maven-repo\com\vladsch\flexmark\flexmark-profile-pegdown\0.62.2\flexmark-profile-pegdown-0.62.2.jar;C:\maven-repo\com\vladsch\flexmark\flexmark-util-ast\0.62.2\flexmark-util-ast-0.62.2.jar;C:\maven-repo\com\vladsch\flexmark\flexmark-util-builder\0.62.2\flexmark-util-builder-0.62.2.jar;C:\maven-repo\com\vladsch\flexmark\flexmark-util-collection\0.62.2\flexmark-util-collection-0.62.2.jar;C:\maven-repo\com\vladsch\flexmark\flexmark-util-data\0.62.2\flexmark-util-data-0.62.2.jar;C:\maven-repo\com\vladsch\flexmark\flexmark-util-dependency\0.62.2\flexmark-util-dependency-0.62.2.jar;C:\maven-repo\com\vladsch\flexmark\flexmark-util-format\0.62.2\flexmark-util-format-0.62.2.jar;C:\maven-repo\com\vladsch\flexmark\flexmark-util-html\0.62.2\flexmark-util-html-0.62.2.jar;C:\maven-repo\com\vladsch\flexmark\flexmark-util-misc\0.62.2\flexmark-util-misc-0.62.2.jar;C:\maven-repo\com\vladsch\flexmark\flexmark-util-options\0.62.2\flexmark-util-options-0.62.2.jar;C:\maven-repo\com\vladsch\flexmark\flexmark-util-sequence\0.62.2\flexmark-util-sequence-0.62.2.jar;C:\maven-repo\com\vladsch\flexmark\flexmark-util-visitor\0.62.2\flexmark-util-visitor-0.62.2.jar;C:\maven-repo\com\vladsch\flexmark\flexmark-youtrack-converter\0.62.2\flexmark-youtrack-converter-0.62.2.jar;C:\maven-repo\com\ibm\icu\icu4j\72.1\icu4j-72.1.jar;C:\maven-repo\es\nitaur\markdown\txtmark\0.16\txtmark-0.16.jar;C:\maven-repo\net\serenity-bdd\serenity-report-resources\3.7.0\serenity-report-resources-3.7.0.jar;C:\maven-repo\com\google\code\gson\gson\2.10.1\gson-2.10.1.jar;C:\maven-repo\com\fasterxml\jackson\core\jackson-core\2.15.0-rc1\jackson-core-2.15.0-rc1.jar;C:\maven-repo\com\fasterxml\jackson\core\jackson-databind\2.15.0-rc1\jackson-databind-2.15.0-rc1.jar;C:\maven-repo\com\fasterxml\jackson\core\jackson-annotations\2.15.0-rc1\jackson-annotations-2.15.0-rc1.jar;C:\maven-repo\commons-codec\commons-codec\1.15\commons-codec-1.15.jar;C:\maven-repo\commons-io\commons-io\2.11.0\commons-io-2.11.0.jar;C:\maven-repo\org\apache\httpcomponents\httpclient\4.5.13\httpclient-4.5.13.jar;C:\maven-repo\org\apache\httpcomponents\httpcore\4.4.13\httpcore-4.4.13.jar;C:\maven-repo\commons-logging\commons-logging\1.2\commons-logging-1.2.jar;C:\maven-repo\org\seleniumhq\selenium\selenium-api\4.21.0\selenium-api-4.21.0.jar;C:\maven-repo\org\seleniumhq\selenium\selenium-support\4.21.0\selenium-support-4.21.0.jar;C:\maven-repo\com\google\auto\service\auto-service-annotations\1.1.1\auto-service-annotations-1.1.1.jar;C:\maven-repo\org\seleniumhq\selenium\selenium-json\4.21.0\selenium-json-4.21.0.jar;C:\maven-repo\org\seleniumhq\selenium\selenium-chrome-driver\4.21.0\selenium-chrome-driver-4.21.0.jar;C:\maven-repo\org\seleniumhq\selenium\selenium-chromium-driver\4.21.0\selenium-chromium-driver-4.21.0.jar;C:\maven-repo\org\seleniumhq\selenium\selenium-manager\4.21.0\selenium-manager-4.21.0.jar;C:\maven-repo\org\seleniumhq\selenium\selenium-firefox-driver\4.21.0\selenium-firefox-driver-4.21.0.jar;C:\maven-repo\org\seleniumhq\selenium\selenium-http\4.21.0\selenium-http-4.21.0.jar;C:\maven-repo\dev\failsafe\failsafe\3.3.2\failsafe-3.3.2.jar;C:\maven-repo\org\seleniumhq\selenium\selenium-edge-driver\4.21.0\selenium-edge-driver-4.21.0.jar;C:\maven-repo\org\seleniumhq\selenium\selenium-ie-driver\4.21.0\selenium-ie-driver-4.21.0.jar;C:\maven-repo\org\projectlombok\lombok\1.18.20\lombok-1.18.20.jar;C:\maven-repo\org\htmlunit\htmlunit\3.0.0\htmlunit-3.0.0.jar;C:\maven-repo\org\apache\httpcomponents\httpmime\4.5.14\httpmime-4.5.14.jar;C:\maven-repo\org\htmlunit\htmlunit-core-js\3.0.0\htmlunit-core-js-3.0.0.jar;C:\maven-repo\org\htmlunit\neko-htmlunit\3.0.0\neko-htmlunit-3.0.0.jar;C:\maven-repo\org\htmlunit\htmlunit-cssparser\3.0.0\htmlunit-cssparser-3.0.0.jar;C:\maven-repo\org\htmlunit\htmlunit-xpath\3.0.0\htmlunit-xpath-3.0.0.jar;C:\maven-repo\org\brotli\dec\0.1.2\dec-0.1.2.jar;C:\maven-repo\com\shapesecurity\salvation2\3.0.1\salvation2-3.0.1.jar;C:\maven-repo\org\eclipse\jetty\websocket\websocket-client\9.4.51.v20230217\websocket-client-9.4.51.v20230217.jar;C:\maven-repo\org\eclipse\jetty\jetty-client\9.4.51.v20230217\jetty-client-9.4.51.v20230217.jar;C:\maven-repo\org\eclipse\jetty\jetty-http\9.4.51.v20230217\jetty-http-9.4.51.v20230217.jar;C:\maven-repo\org\eclipse\jetty\jetty-util\9.4.51.v20230217\jetty-util-9.4.51.v20230217.jar;C:\maven-repo\org\eclipse\jetty\jetty-io\9.4.51.v20230217\jetty-io-9.4.51.v20230217.jar;C:\maven-repo\org\eclipse\jetty\websocket\websocket-common\9.4.51.v20230217\websocket-common-9.4.51.v20230217.jar;C:\maven-repo\org\eclipse\jetty\websocket\websocket-api\9.4.51.v20230217\websocket-api-9.4.51.v20230217.jar;C:\maven-repo\org\seleniumhq\selenium\htmlunit3-driver\4.8.1\htmlunit3-driver-4.8.1.jar;C:\maven-repo\io\appium\java-client\8.3.0\java-client-8.3.0.jar;C:\maven-repo\commons-validator\commons-validator\1.7\commons-validator-1.7.jar;C:\maven-repo\commons-digester\commons-digester\2.1\commons-digester-2.1.jar;C:\maven-repo\org\apache\groovy\groovy\4.0.10\groovy-4.0.10.jar;C:\maven-repo\net\sf\opencsv\opencsv\2.0\opencsv-2.0.jar;C:\maven-repo\commons-beanutils\commons-beanutils\1.9.4\commons-beanutils-1.9.4.jar;C:\maven-repo\org\apache\commons\commons-lang3\3.12.0\commons-lang3-3.12.0.jar;C:\maven-repo\commons-collections\commons-collections\3.2.2\commons-collections-3.2.2.jar;C:\maven-repo\org\fluentlenium\fluentlenium-core\0.10.2\fluentlenium-core-0.10.2.jar;C:\maven-repo\io\github\bonigarcia\webdrivermanager\5.3.0\webdrivermanager-5.3.0.jar;C:\maven-repo\com\github\docker-java\docker-java\3.2.13\docker-java-3.2.13.jar;C:\maven-repo\com\github\docker-java\docker-java-core\3.2.13\docker-java-core-3.2.13.jar;C:\maven-repo\com\github\docker-java\docker-java-api\3.2.13\docker-java-api-3.2.13.jar;C:\maven-repo\org\apache\commons\commons-compress\1.21\commons-compress-1.21.jar;C:\maven-repo\org\bouncycastle\bcpkix-jdk15on\1.64\bcpkix-jdk15on-1.64.jar;C:\maven-repo\org\bouncycastle\bcprov-jdk15on\1.64\bcprov-jdk15on-1.64.jar;C:\maven-repo\org\slf4j\jcl-over-slf4j\1.7.30\jcl-over-slf4j-1.7.30.jar;C:\maven-repo\com\github\docker-java\docker-java-transport-httpclient5\3.2.13\docker-java-transport-httpclient5-3.2.13.jar;C:\maven-repo\com\github\docker-java\docker-java-transport\3.2.13\docker-java-transport-3.2.13.jar;C:\maven-repo\net\java\dev\jna\jna\5.8.0\jna-5.8.0.jar;C:\maven-repo\org\apache\httpcomponents\client5\httpclient5\5.1.3\httpclient5-5.1.3.jar;C:\maven-repo\org\apache\httpcomponents\core5\httpcore5\5.1.3\httpcore5-5.1.3.jar;C:\maven-repo\org\apache\httpcomponents\core5\httpcore5-h2\5.1.3\httpcore5-h2-5.1.3.jar;C:\maven-repo\com\jhlabs\filters\2.0.235\filters-2.0.235.jar;C:\maven-repo\com\paulhammant\ngwebdriver\1.1.6\ngwebdriver-1.1.6.jar;C:\maven-repo\joda-time\joda-time\2.12.2\joda-time-2.12.2.jar;C:\maven-repo\org\hamcrest\hamcrest\2.2\hamcrest-2.2.jar;C:\maven-repo\com\google\jimfs\jimfs\1.2\jimfs-1.2.jar;C:\maven-repo\org\mockito\mockito-core\3.3.3\mockito-core-3.3.3.jar;C:\maven-repo\org\assertj\assertj-core\3.24.2\assertj-core-3.24.2.jar;C:\maven-repo\javax\xml\bind\jaxb-api\2.3.1\jaxb-api-2.3.1.jar;C:\maven-repo\javax\activation\javax.activation-api\1.2.0\javax.activation-api-1.2.0.jar;C:\maven-repo\com\sun\xml\bind\jaxb-core\2.3.0.1\jaxb-core-2.3.0.1.jar;C:\maven-repo\com\sun\xml\bind\jaxb-impl\2.3.3\jaxb-impl-2.3.3.jar;C:\maven-repo\jakarta\xml\bind\jakarta.xml.bind-api\2.3.3\jakarta.xml.bind-api-2.3.3.jar;C:\maven-repo\com\sun\activation\jakarta.activation\1.2.2\jakarta.activation-1.2.2.jar;C:\maven-repo\javax\activation\activation\1.1.1\activation-1.1.1.jar;C:\maven-repo\net\serenity-bdd\serenity-junit\3.7.0\serenity-junit-3.7.0.jar;C:\maven-repo\net\serenity-bdd\serenity-screenplay\3.7.0\serenity-screenplay-3.7.0.jar;C:\maven-repo\net\serenity-bdd\serenity-cucumber\3.7.0\serenity-cucumber-3.7.0.jar;C:\maven-repo\net\serenity-bdd\serenity-screenplay-webdriver\3.7.0\serenity-screenplay-webdriver-3.7.0.jar;C:\maven-repo\io\cucumber\cucumber-core\7.11.0\cucumber-core-7.11.0.jar;C:\maven-repo\io\cucumber\cucumber-gherkin\7.11.0\cucumber-gherkin-7.11.0.jar;C:\maven-repo\io\cucumber\cucumber-gherkin-messages\7.11.0\cucumber-gherkin-messages-7.11.0.jar;C:\maven-repo\io\cucumber\gherkin\26.0.3\gherkin-26.0.3.jar;C:\maven-repo\io\cucumber\messages\21.0.1\messages-21.0.1.jar;C:\maven-repo\io\cucumber\tag-expressions\5.0.1\tag-expressions-5.0.1.jar;C:\maven-repo\io\cucumber\cucumber-expressions\16.1.1\cucumber-expressions-16.1.1.jar;C:\maven-repo\io\cucumber\datatable\7.11.0\datatable-7.11.0.jar;C:\maven-repo\io\cucumber\cucumber-plugin\7.11.0\cucumber-plugin-7.11.0.jar;C:\maven-repo\io\cucumber\docstring\7.11.0\docstring-7.11.0.jar;C:\maven-repo\io\cucumber\html-formatter\20.2.1\html-formatter-20.2.1.jar;C:\maven-repo\io\cucumber\junit-xml-formatter\0.1.0\junit-xml-formatter-0.1.0.jar;C:\maven-repo\io\cucumber\ci-environment\9.1.0\ci-environment-9.1.0.jar;C:\maven-repo\io\cucumber\cucumber-java\7.11.0\cucumber-java-7.11.0.jar;C:\maven-repo\io\cucumber\cucumber-junit\7.11.0\cucumber-junit-7.11.0.jar;C:\maven-repo\org\apiguardian\apiguardian-api\1.1.2\apiguardian-api-1.1.2.jar;C:\maven-repo\org\apache\commons\commons-csv\1.5\commons-csv-1.5.jar;C:\maven-repo\net\serenity-bdd\serenity-ensure\3.7.0\serenity-ensure-3.7.0.jar;C:\maven-repo\org\jetbrains\kotlin\kotlin-stdlib\1.8.10\kotlin-stdlib-1.8.10.jar;C:\maven-repo\org\jetbrains\kotlin\kotlin-stdlib-common\1.8.10\kotlin-stdlib-common-1.8.10.jar;C:\maven-repo\org\jetbrains\annotations\13.0\annotations-13.0.jar;C:\maven-repo\org\seleniumhq\selenium\selenium-java\4.21.0\selenium-java-4.21.0.jar;C:\maven-repo\org\seleniumhq\selenium\selenium-devtools-v123\4.21.0\selenium-devtools-v123-4.21.0.jar;C:\maven-repo\org\seleniumhq\selenium\selenium-devtools-v124\4.21.0\selenium-devtools-v124-4.21.0.jar;C:\maven-repo\org\seleniumhq\selenium\selenium-devtools-v125\4.21.0\selenium-devtools-v125-4.21.0.jar;C:\maven-repo\org\seleniumhq\selenium\selenium-devtools-v85\4.21.0\selenium-devtools-v85-4.21.0.jar;C:\maven-repo\org\seleniumhq\selenium\selenium-remote-driver\4.21.0\selenium-remote-driver-4.21.0.jar;C:\maven-repo\io\opentelemetry\semconv\opentelemetry-semconv\1.25.0-alpha\opentelemetry-semconv-1.25.0-alpha.jar;C:\maven-repo\io\opentelemetry\opentelemetry-api\1.38.0\opentelemetry-api-1.38.0.jar;C:\maven-repo\io\opentelemetry\opentelemetry-context\1.38.0\opentelemetry-context-1.38.0.jar;C:\maven-repo\io\opentelemetry\opentelemetry-exporter-logging\1.38.0\opentelemetry-exporter-logging-1.38.0.jar;C:\maven-repo\io\opentelemetry\opentelemetry-sdk-common\1.38.0\opentelemetry-sdk-common-1.38.0.jar;C:\maven-repo\io\opentelemetry\opentelemetry-sdk-extension-autoconfigure-spi\1.38.0\opentelemetry-sdk-extension-autoconfigure-spi-1.38.0.jar;C:\maven-repo\io\opentelemetry\opentelemetry-sdk-extension-autoconfigure\1.38.0\opentelemetry-sdk-extension-autoconfigure-1.38.0.jar;C:\maven-repo\io\opentelemetry\opentelemetry-api-incubator\1.38.0-alpha\opentelemetry-api-incubator-1.38.0-alpha.jar;C:\maven-repo\io\opentelemetry\opentelemetry-sdk-trace\1.38.0\opentelemetry-sdk-trace-1.38.0.jar;C:\maven-repo\io\opentelemetry\opentelemetry-sdk\1.38.0\opentelemetry-sdk-1.38.0.jar;C:\maven-repo\io\opentelemetry\opentelemetry-sdk-metrics\1.38.0\opentelemetry-sdk-metrics-1.38.0.jar;C:\maven-repo\io\opentelemetry\opentelemetry-sdk-logs\1.38.0\opentelemetry-sdk-logs-1.38.0.jar;C:\maven-repo\org\seleniumhq\selenium\selenium-os\4.21.0\selenium-os-4.21.0.jar;C:\maven-repo\org\apache\commons\commons-exec\1.4.0\commons-exec-1.4.0.jar;C:\maven-repo\org\seleniumhq\selenium\selenium-safari-driver\4.21.0\selenium-safari-driver-4.21.0.jar;C:\maven-repo\net\serenity-bdd\serenity-single-page-report\3.7.0\serenity-single-page-report-3.7.0.jar;C:\maven-repo\net\serenity-bdd\serenity-stats\3.7.0\serenity-stats-3.7.0.jar;C:\maven-repo\net\serenity-bdd\serenity-reports-configuration\3.7.0\serenity-reports-configuration-3.7.0.jar;C:\maven-repo\org\thymeleaf\thymeleaf\3.1.1.RELEASE\thymeleaf-3.1.1.RELEASE.jar;C:\maven-repo\ognl\ognl\3.3.4\ognl-3.3.4.jar;C:\maven-repo\org\attoparser\attoparser\2.0.6.RELEASE\attoparser-2.0.6.RELEASE.jar;C:\maven-repo\org\unbescape\unbescape\1.1.6.RELEASE\unbescape-1.1.6.RELEASE.jar;C:\maven-repo\org\javassist\javassist\3.29.2-GA\javassist-3.29.2-GA.jar;C:\maven-repo\org\knowm\xchart\xchart\3.5.2\xchart-3.5.2.jar;C:\maven-repo\de\erichseifert\vectorgraphics2d\VectorGraphics2D\0.13\VectorGraphics2D-0.13.jar;C:\maven-repo\org\thymeleaf\extras\thymeleaf-extras-java8time\3.0.4.RELEASE\thymeleaf-extras-java8time-3.0.4.RELEASE.jar;C:\maven-repo\junit\junit\4.13.2\junit-4.13.2.jar;C:\maven-repo\org\hamcrest\hamcrest-core\1.3\hamcrest-core-1.3.jar;"/>
    <property name="sun.cpu.endian" value="little"/>
    <property name="user.home" value="C:\Users\Josué"/>
    <property name="user.language" value="es"/>
    <property name="java.specification.vendor" value="Oracle Corporation"/>
    <property name="java.version.date" value="2025-07-15"/>
    <property name="java.home" value="C:\Program Files\Java\jdk-21"/>
    <property name="file.separator" value="\"/>
    <property name="basedir" value="C:\Users\Josué\Desktop\ejercicio 2"/>
    <property name="style.color" value="always"/>
    <property name="java.vm.compressedOopsMode" value="Zero based"/>
    <property name="line.separator" value="&#10;"/>
    <property name="java.vm.specification.vendor" value="Oracle Corporation"/>
    <property name="java.specification.name" value="Java Platform API Specification"/>
    <property name="surefire.real.class.path" value="C:\Users\Josué\AppData\Local\Temp\surefire18329267440877461457\surefirebooter-20251004132824848_3.jar"/>
    <property name="user.script" value=""/>
    <property name="sun.management.compiler" value="HotSpot 64-Bit Tiered Compilers"/>
    <property name="java.runtime.version" value="21.0.8+12-LTS-250"/>
    <property name="user.name" value="Josué"/>
    <property name="stdout.encoding" value="Cp1252"/>
    <property name="path.separator" value=";"/>
    <property name="os.version" value="10.0"/>
    <property name="java.runtime.name" value="Java(TM) SE Runtime Environment"/>
    <property name="file.encoding" value="UTF-8"/>
    <property name="java.vm.name" value="Java HotSpot(TM) 64-Bit Server VM"/>
    <property name="maven.ext.class.path" value="C:\Program Files\JetBrains\IntelliJ IDEA Community Edition 2025.2.2\plugins\maven\lib\maven-event-listener.jar"/>
    <property name="localRepository" value="C:\maven-repo"/>
    <property name="java.vendor.url.bug" value="https://bugreport.java.com/bugreport/"/>
    <property name="java.io.tmpdir" value="C:\Users\JOSU~1\AppData\Local\Temp\"/>
    <property name="idea.version" value="2025.2.2"/>
    <property name="java.version" value="21.0.8"/>
    <property name="user.dir" value="C:\Users\Josué\Desktop\ejercicio 2"/>
    <property name="os.arch" value="amd64"/>
    <property name="jansi.passthrough" value="true"/>
    <property name="java.vm.specification.name" value="Java Virtual Machine Specification"/>
    <property name="sun.os.patch.level" value=""/>
    <property name="native.encoding" value="Cp1252"/>
    <property name="java.library.path" value="C:\Program Files\Java\jdk-21\bin;C:\Windows\Sun\Java\bin;C:\Windows\system32;C:\Windows;C:\Python313\Scripts\;C:\Python313\;C:\Windows\system32;C:\Windows;C:\Windows\System32\Wbem;C:\Windows\System32\WindowsPowerShell\v1.0\;C:\Windows\System32\OpenSSH\;C:\Program Files\nodejs\;C:\ProgramData\chocolatey\bin;C:\Program Files\Git\cmd;C:\Program Files\NVIDIA Corporation\NVIDIA App\NvDLISR;C:\Program Files (x86)\NVIDIA Corporation\PhysX\Common;C:\Users\Josué\AppData\Local\Microsoft\WindowsApps;C:\Users\Josué\AppData\Roaming\npm;."/>
    <property name="java.vm.info" value="mixed mode, sharing"/>
    <property name="stderr.encoding" value="Cp1252"/>
    <property name="java.vendor" value="Oracle Corporation"/>
    <property name="java.vm.version" value="21.0.8+12-LTS-250"/>
    <property name="sun.io.unicode.encoding" value="UnicodeLittle"/>
    <property name="maven.repo.local" value="C:\maven-repo"/>
    <property name="java.class.version" value="65.0"/>
  </properties>
  <testcase name="Flujo completo de compra" classname="Compra E2E en SauceDemo" time="4.369">
    <system-err><![CDATA[SLF4J: No SLF4J providers were found.
SLF4J: Defaulting to no-operation (NOP) logger implementation
SLF4J: See https://www.slf4j.org/codes.html#noProviders for further details.
oct 04, 2025 1:28:27 P. M. org.openqa.selenium.devtools.CdpVersionFinder findNearestMatch
WARNING: Unable to find CDP implementation matching 140
oct 04, 2025 1:28:27 P. M. org.openqa.selenium.chromium.ChromiumDriver lambda$new$5
WARNING: Unable to find version of CDP to use for 140.0.7339.208. You may need to include a dependency on a specific version of the CDP using something similar to `org.seleniumhq.selenium:selenium-devtools-v86:4.21.0` where the version ("v86") matches the version of the chromium-based browser you're using and the version number of the artifact is the same as Selenium's.
]]></system-err>
  </testcase>
</testsuite>